0000000000000000 0000000000000004 b fsdev_last_result
0000000000000000 a __start__
0000000000000000 T _start
0000000000000000 b _TLS_MODULE_BASE_
0000000000000004 0000000000000004 b g_fsPriority
0000000000000008 0000000000000401 B __nx_dev_path_buf
00000000000000e0 T __nx_exit
00000000000000f0 T __nx_mod0
0000000000000140 0000000000000034 T exit
0000000000000180 0000000000000660 T main
00000000000007e0 t __do_global_dtors_aux
0000000000000840 t frame_dummy
0000000000000870 00000000000001f8 T read_hosts_file
0000000000000a70 00000000000000d0 T write_hosts_file
0000000000000b40 0000000000000018 t _appletInfiniteSleepLoop
0000000000000b60 0000000000000108 t _appletCmdGetSession
0000000000000c70 00000000000000cc t _appletCmdInU8NoOut
0000000000000d40 00000000000000cc t _appletCmdInU32NoOut
0000000000000e10 000000000000012c t _appletGetSessionProxy.constprop.0
0000000000000f40 0000000000000148 t _appletOpenLibraryAppletProxy.constprop.0
0000000000001090 00000000000000f8 t _appletCmdGetEvent
0000000000001190 00000000000000d4 t _appletCmdNoInOutU8.isra.0
0000000000001270 00000000000000d4 t _appletCmdNoInOutU32.isra.0
0000000000001350 00000000000000d4 t _appletCmdNoInOutU64.isra.0
0000000000001430 00000000000000c0 t _appletCmdNoIO.isra.0
00000000000014f0 0000000000000010 T appletGetAppletType
0000000000001500 00000000000001b8 T appletSetFocusHandlingMode
00000000000016c0 000000000000005c T appletSetCpuBoostMode
0000000000001720 000000000000002c T appletCreateManagedDisplayLayer
0000000000001750 000000000000000c T appletGetAppletResourceUserId
0000000000001760 0000000000000138 t _appletHolderCreateState
00000000000018a0 00000000000000b0 T appletHolderClose
0000000000001950 0000000000000024 T appletHolderGetLibraryAppletInfo
0000000000001980 0000000000000090 T appletNotifyRunning
0000000000001a10 0000000000000078 T appletSetGamePlayRecordingState
0000000000001a90 0000000000000ad4 t _appletCleanup
0000000000002570 0000000000000048 T appletExit
00000000000025c0 0000000000000040 T appletGetLibraryAppletInfo
0000000000002600 0000000000000c14 T appletInitialize
0000000000003220 0000000000000024 t _appletExitProcess
0000000000003250 0000000000000074 T appletGetMessage
00000000000032d0 0000000000000264 T appletProcessMessage
0000000000003540 0000000000000034 T appletMainLoop
0000000000003580 0000000000000014 T hosversionGet
00000000000035a0 0000000000000010 T hosversionSet
00000000000035b0 0000000000000208 T envSetup
00000000000037c0 0000000000000020 T envGetMainThreadHandle
00000000000037e0 000000000000000c T envIsNso
00000000000037f0 0000000000000014 T envHasHeapOverride
0000000000003810 000000000000000c T envGetHeapOverrideAddr
0000000000003820 000000000000000c T envGetHeapOverrideSize
0000000000003830 0000000000000014 T envHasArgv
0000000000003850 000000000000000c T envGetArgv
0000000000003860 000000000000000c T envGetExitFuncPtr
0000000000003870 000000000000000c T envSetExitFuncPtr
0000000000003880 000000000000000c T envHasRandomSeed
0000000000003890 0000000000000010 T envGetRandomSeed
00000000000038a0 000000000000009c T padConfigureInput
0000000000003940 0000000000000024 T padInitializeWithMask
0000000000003970 0000000000000294 T padUpdate
0000000000003c10 000000000000001c W diagAbortWithResult
0000000000003c30 0000000000000050 t consoleDrawChar
0000000000003c80 00000000000000b8 t consoleNewRow
0000000000003d40 0000000000000194 t consolePrintChar.part.0
0000000000003ee0 0000000000000df8 t con_write
0000000000004ce0 00000000000000e4 T consoleInit
0000000000004dd0 0000000000000044 T consoleExit
0000000000004e20 000000000000002c T consoleUpdate
0000000000004e50 00000000000001bc t ConsoleSwRenderer_drawChar
0000000000005010 00000000000000e8 t ConsoleSwRenderer_init
0000000000005100 0000000000000078 t ConsoleSwRenderer_flushAndSwap
0000000000005180 00000000000000ec t ConsoleSwRenderer_scrollWindow
0000000000005270 0000000000000050 t ConsoleSwRenderer_deinit
00000000000052c0 000000000000000c W getDefaultConsoleRenderer
00000000000052cc T svcSetHeapSize
00000000000052e0 T svcSetMemoryPermission
00000000000052e8 T svcSetMemoryAttribute
00000000000052f0 T svcUnmapMemory
00000000000052f8 T svcQueryMemory
000000000000530c T svcExitProcess
0000000000005314 T svcSleepThread
000000000000531c T svcMapSharedMemory
0000000000005324 T svcUnmapSharedMemory
000000000000532c T svcCreateTransferMemory
0000000000005340 T svcCloseHandle
0000000000005348 T svcResetSignal
0000000000005350 T svcWaitSynchronization
0000000000005364 T svcArbitrateLock
000000000000536c T svcArbitrateUnlock
0000000000005374 T svcWaitProcessWideKeyAtomic
000000000000537c T svcSignalProcessWideKey
0000000000005384 T svcConnectToNamedPort
0000000000005398 T svcSendSyncRequest
00000000000053a0 T svcBreak
00000000000053a8 T svcReturnFromException
00000000000053b0 T svcGetInfo
00000000000053c4 T svcUnmapTransferMemory
00000000000053d0 000000000000057c T waitObjects
0000000000005950 00000000000000a8 T tmemCreate
0000000000005a00 0000000000000034 T tmemUnmap
0000000000005a40 0000000000000030 T tmemCloseHandle
0000000000005a70 000000000000009c T tmemWaitForPermission
0000000000005b10 0000000000000050 T tmemClose
0000000000005b60 00000000000000c8 T mutexLock
0000000000005c30 0000000000000068 T mutexUnlock
0000000000005ca0 000000000000001c T mutexIsLockedByCurrentThread
0000000000005cc0 0000000000000058 T rmutexLock
0000000000005d20 000000000000001c T rmutexUnlock
0000000000005d40 0000000000000064 t _memregionInitWithInfo
0000000000005db0 0000000000000004 W __libnx_virtmem_rng
0000000000005dc0 0000000000000164 t _memregionFindRandom
0000000000005f30 0000000000000140 T virtmemSetup
0000000000006070 000000000000000c T virtmemLock
0000000000006080 000000000000000c T virtmemUnlock
0000000000006090 0000000000000050 T virtmemFindAslr
00000000000060e0 000000000000000c T eventLoadRemote
00000000000060f0 0000000000000034 T eventWait
0000000000006130 0000000000000054 T eventClose
0000000000006190 0000000000000410 T randomGet
00000000000065a0 0000000000000020 T randomGet64
00000000000065c0 00000000000000d4 t _apmCleanup
00000000000066a0 0000000000000194 T apmInitialize
0000000000006840 0000000000000048 T apmExit
0000000000006890 00000000000000c8 T apmSetPerformanceConfiguration
0000000000006960 00000000000000cc t _smCmifCmdInPid
0000000000006a30 0000000000000078 t _smCleanup
0000000000006ab0 0000000000000048 T smAddOverrideHandle
0000000000006b00 0000000000000054 T smGetServiceOverride
0000000000006b60 00000000000001ac T smInitialize
0000000000006d10 0000000000000048 T smExit
0000000000006d60 00000000000000d0 T smGetServiceOriginal
0000000000006e30 0000000000000120 T smGetServiceWrapper
0000000000006f50 000000000000012c t _hidCleanup
0000000000007080 00000000000000d4 t _hidCmdInAruidNoOut
0000000000007160 00000000000000e0 t _hidCmdInU32AruidNoOut
0000000000007240 0000000000000194 t _hidGetStates
00000000000073e0 000000000000026c T hidInitialize
0000000000007650 0000000000000048 T hidExit
00000000000076a0 000000000000000c T hidGetSharedmemAddr
00000000000076b0 0000000000000090 T hidGetNpadStyleSet
0000000000007740 0000000000000084 T hidInitializeNpad
00000000000077d0 00000000000000a4 T hidGetNpadStatesFullKey
0000000000007880 00000000000000a4 T hidGetNpadStatesHandheld
0000000000007930 00000000000000a4 T hidGetNpadStatesJoyDual
00000000000079e0 00000000000000a4 T hidGetNpadStatesJoyLeft
0000000000007a90 00000000000000a4 T hidGetNpadStatesJoyRight
0000000000007b40 0000000000000144 T hidGetNpadStatesGc
0000000000007c90 00000000000000a8 T hidGetNpadStatesSystemExt
0000000000007d40 0000000000000008 T hidSetSupportedNpadStyleSet
0000000000007d50 0000000000000100 T hidSetSupportedNpadIdType
0000000000007e50 000000000000008c T framebufferMakeLinear
0000000000007ee0 0000000000000084 T framebufferClose
0000000000007f70 0000000000000290 T framebufferCreate
0000000000008200 000000000000007c T framebufferBegin
0000000000008280 0000000000000190 T framebufferEnd
0000000000008410 000000000000000c T nwindowGetDefault
0000000000008420 00000000000000a4 T __nx_win_init
00000000000084d0 0000000000000034 T __nx_win_exit
0000000000008510 0000000000000024 T nwindowIsValid
0000000000008540 000000000000007c T nwindowClose
00000000000085c0 00000000000000f8 T nwindowCreate
00000000000086c0 0000000000000038 T nwindowCreateFromLayer
0000000000008700 0000000000000084 T nwindowSetDimensions
0000000000008790 0000000000000180 T nwindowConfigureBuffer
0000000000008910 00000000000001cc T nwindowDequeueBuffer
0000000000008ae0 000000000000012c T nwindowQueueBuffer
0000000000008c10 00000000000000bc T nwindowReleaseBuffers
0000000000008cd0 00000000000001fc T __nx_dynamic
0000000000008ed0 00000000000000d0 W __libnx_initheap
0000000000008fa0 00000000000000ec W __appInit
0000000000009090 0000000000000044 W __appExit
00000000000090e0 000000000000002c W __libnx_init
0000000000009110 000000000000001c W __libnx_exit
0000000000009130 0000000000000004 W __libnx_alloc
0000000000009140 0000000000000014 W __libnx_aligned_alloc
0000000000009160 0000000000000004 W __libnx_free
0000000000009170 000000000000001c T __syscall_exit
0000000000009190 0000000000000034 T __syscall_getreent
00000000000091d0 0000000000000004 T __syscall_lock_acquire
00000000000091e0 0000000000000004 T __syscall_lock_release
00000000000091f0 0000000000000004 T __syscall_lock_acquire_recursive
0000000000009200 0000000000000004 T __syscall_lock_release_recursive
0000000000009210 000000000000025c T __libnx_init_time
0000000000009470 0000000000000098 T newlibSetup
0000000000009510 0000000000000314 W argvSetup
0000000000009830 0000000000000010 t fsdev_link
0000000000009840 0000000000000010 t fsdev_dirreset
0000000000009850 0000000000000010 t fsdev_chmod
0000000000009860 0000000000000018 t error_cmp
0000000000009880 0000000000000020 t fsdev_dirclose
00000000000098a0 000000000000001c t fsdev_close
00000000000098c0 0000000000000074 t fsdev_converttimetoutc
0000000000009940 00000000000000d4 t fsdevFindDevice.part.0
0000000000009a20 00000000000001cc t fsdev_fixpath
0000000000009bf0 000000000000009c t _fsdevUnmountDeviceStruct.part.0
0000000000009c90 0000000000000010 t fsdev_fchmod
0000000000009ca0 0000000000000100 t fsdev_diropen
0000000000009da0 00000000000000f8 t fsdev_statvfs
0000000000009ea0 000000000000007c t fsdev_fsync
0000000000009f20 00000000000000ec t fsdev_fstat
000000000000a010 0000000000000094 t fsdev_ftruncate
000000000000a0b0 00000000000001d8 t fsdev_stat
000000000000a290 000000000000014c t fsdev_rename
000000000000a3e0 000000000000013c t fsdev_chdir
000000000000a520 00000000000000a4 t fsdev_rmdir
000000000000a5d0 00000000000000a4 t fsdev_mkdir
000000000000a680 00000000000000a4 t fsdev_unlink
000000000000a730 000000000000013c t fsdev_write_safe
000000000000a870 0000000000000134 t fsdev_read_safe
000000000000a9b0 0000000000000100 t fsdev_read
000000000000aab0 00000000000001d4 t fsdev_dirnext
000000000000ac90 0000000000000124 t fsdev_write
000000000000adc0 0000000000000110 t fsdev_seek
000000000000aed0 0000000000000230 t fsdev_open
000000000000b100 0000000000000324 T fsdevMountDevice
000000000000b430 0000000000000040 T fsdevMountSdmc
000000000000b470 00000000000000bc T __libnx_init_cwd
000000000000b530 0000000000000064 T fsdevUnmountAll
000000000000b5a0 0000000000000128 T decode_utf8
000000000000b6c8 T armDCacheFlush
000000000000b6f8 t armDCacheFlush_L0
000000000000b714 W __libnx_exception_entry
000000000000b7a0 t __libnx_exception_entry_start
000000000000b8c8 t __libnx_exception_entry_abort
000000000000b8cc t __libnx_exception_entry_end
000000000000b8d4 T __libnx_exception_returnentry
000000000000b8ec T __aarch64_read_tp
000000000000b900 0000000000000014 T shmemLoadRemote
000000000000b920 0000000000000070 T shmemMap
000000000000b990 0000000000000034 T shmemUnmap
000000000000b9d0 000000000000004c T shmemClose
000000000000ba20 0000000000000070 T condvarWaitTimeout
000000000000ba90 00000000000000b0 T __libnx_init_thread
000000000000bb40 0000000000000230 t _viCleanup
000000000000bd70 0000000000000100 t _viCmdGetSessionNoParams.constprop.0
000000000000be70 0000000000000368 T viInitialize
000000000000c1e0 0000000000000048 T viExit
000000000000c230 000000000000000c T viGetSession_IHOSBinderDriverRelay
000000000000c240 000000000000010c T viOpenDisplay
000000000000c350 00000000000000ec T viCloseDisplay
000000000000c440 00000000000000f4 T viCloseLayer
000000000000c540 0000000000000394 T viCreateLayer
000000000000c8e0 00000000000000d8 T viSetLayerScalingMode
000000000000c9c0 00000000000000d0 t _setsysGetFirmwareVersionImpl
000000000000ca90 0000000000000078 t _setsysCleanup
000000000000cb10 00000000000000a0 T setsysInitialize
000000000000cbb0 0000000000000048 T setsysExit
000000000000cc00 0000000000000048 T setsysGetFirmwareVersion
000000000000cc50 00000000000000b4 t _fsCleanup
000000000000cd10 00000000000001c0 t _fsCmdNoIO
000000000000ced0 00000000000001e0 t _fsFsCmdWithInPath
000000000000d0b0 00000000000001f8 t _fsFsCmdWithTwoInPaths
000000000000d2b0 000000000000028c t _fsFsOpenCommon
000000000000d540 00000000000001fc t _fsFsCmdWithInPathAndOutU64
000000000000d740 00000000000000f8 t _fsObjectClose
000000000000d840 000000000000017c t _fsCmdGetSession.constprop.0
000000000000d9c0 00000000000002f8 T fsInitialize
000000000000dcc0 0000000000000048 T fsExit
000000000000dd10 0000000000000008 T fsOpenSdCardFileSystem
000000000000dd20 00000000000001ec T fsFsCreateFile
000000000000df10 0000000000000008 T fsFsDeleteFile
000000000000df20 0000000000000008 T fsFsCreateDirectory
000000000000df30 0000000000000008 T fsFsDeleteDirectory
000000000000df40 0000000000000008 T fsFsRenameFile
000000000000df50 0000000000000008 T fsFsRenameDirectory
000000000000df60 00000000000001f0 T fsFsGetEntryType
000000000000e150 0000000000000008 T fsFsOpenFile
000000000000e160 0000000000000008 T fsFsOpenDirectory
000000000000e170 0000000000000008 T fsFsGetFreeSpace
000000000000e180 0000000000000008 T fsFsGetTotalSpace
000000000000e190 0000000000000230 T fsFsGetFileTimeStampRaw
000000000000e3c0 0000000000000004 T fsFsClose
000000000000e3d0 0000000000000214 T fsFileRead
000000000000e5f0 00000000000001f8 T fsFileWrite
000000000000e7f0 0000000000000008 T fsFileFlush
000000000000e800 00000000000001c0 T fsFileSetSize
000000000000e800 00000000000001c0 t fsFileSetSize.localalias
000000000000e9c0 00000000000001d4 T fsFileGetSize
000000000000e9c0 00000000000001d4 t fsFileGetSize.localalias
000000000000eba0 0000000000000004 T fsFileClose
000000000000ebb0 0000000000000004 T fsDirClose
000000000000ebc0 0000000000000204 T fsDirRead
000000000000edd0 00000000000000d0 t _nvCleanup
000000000000eea0 00000000000000d4 t _nvCmdInitialize.constprop.0
000000000000ef80 0000000000000018 W __nx_nv_create_tmem
000000000000efa0 00000000000003a8 T nvInitialize
000000000000f350 0000000000000048 T nvExit
000000000000f3a0 00000000000000f4 T nvConvertError
000000000000f4a0 0000000000000114 T nvOpen
000000000000f5c0 0000000000000310 T nvIoctl
000000000000f8d0 00000000000000d4 T nvClose
000000000000f9b0 000000000000010c T nvQueryEvent
000000000000fac0 000000000000027c t _timeCleanup
000000000000fd40 0000000000000100 t _timeCmdGetSession.constprop.0
000000000000fe40 0000000000000104 t _timeReadClockFromSharedMem
000000000000ff50 0000000000000300 T timeInitialize
0000000000010250 0000000000000048 T timeExit
00000000000102a0 0000000000000038 T timeGetServiceSession_SystemClock
00000000000102e0 00000000000000fc T timeGetCurrentTime
00000000000103e0 0000000000000108 T timeToCalendarTimeWithMyRule
00000000000104f0 0000000000000114 T timeToPosixTimeWithMyRule
0000000000010610 0000000000000074 t _nvFenceCleanup
0000000000010690 0000000000000098 T nvFenceInit
0000000000010730 0000000000000048 T nvFenceExit
0000000000010780 0000000000000290 T nvFenceWait
0000000000010a10 000000000000007c T nvMultiFenceWait
0000000000010a90 00000000000000ac T nvMapInit
0000000000010b40 0000000000000074 T nvMapExit
0000000000010bc0 000000000000008c T nvMapClose
0000000000010c50 0000000000000160 T nvMapCreate
0000000000010db0 0000000000000024 T nvioctlNvhostCtrl_EventSignal
0000000000010de0 000000000000003c T nvioctlNvhostCtrl_EventWait
0000000000010e20 0000000000000028 T nvioctlNvhostCtrl_EventWaitAsync
0000000000010e50 0000000000000024 T nvioctlNvhostCtrl_EventRegister
0000000000010e80 0000000000000024 T nvioctlNvhostCtrl_EventUnregister
0000000000010eb0 000000000000003c T nvioctlNvmap_Create
0000000000010ef0 0000000000000030 T nvioctlNvmap_Alloc
0000000000010f20 0000000000000030 T nvioctlNvmap_Free
0000000000010f50 000000000000003c T nvioctlNvmap_GetId
0000000000010f90 00000000000000c8 T bqRequestBuffer
0000000000011060 0000000000000128 T bqDequeueBuffer
0000000000011190 00000000000000c8 T bqQueueBuffer
0000000000011260 0000000000000084 T bqCancelBuffer
00000000000112f0 00000000000000d0 T bqConnect
00000000000113c0 0000000000000088 T bqDisconnect
0000000000011450 0000000000000194 T bqSetPreallocatedBuffer
00000000000115f0 000000000000001c T binderCreate
0000000000011610 000000000000035c T binderTransactParcel
0000000000011970 00000000000000e8 T binderConvertErrorCode
0000000000011a60 0000000000000124 T binderAdjustRefcount
0000000000011b90 000000000000009c T binderInitSession
0000000000011c30 000000000000005c T binderClose
0000000000011c90 0000000000000154 T binderGetNativeHandle
0000000000011df0 0000000000000030 T parcelCreate
0000000000011e20 0000000000000174 T parcelTransact
0000000000011fa0 0000000000000080 T parcelWriteData
0000000000012020 0000000000000088 T parcelReadData
00000000000120b0 0000000000000020 T parcelWriteInt32
00000000000120d0 0000000000000020 T parcelWriteUInt32
00000000000120f0 000000000000007c T parcelWriteString16
0000000000012170 0000000000000030 T parcelWriteInterfaceToken
00000000000121a0 0000000000000024 T parcelReadInt32
00000000000121d0 0000000000000068 T parcelReadFlattenedObject
0000000000012240 0000000000000044 T parcelWriteFlattenedObject
0000000000012290 00000000000000e8 T nxlinkSetup
0000000000012380 0000000000000184 T sessionmgrCreate
0000000000012510 0000000000000084 T sessionmgrClose
00000000000125a0 00000000000000a8 T sessionmgrAttachClient
0000000000012650 0000000000000060 T sessionmgrDetachClient
00000000000126c0 0000000000000184 T _fgets_r
0000000000012860 0000000000000034 T fgets
00000000000128a0 0000000000000130 T _fclose_r
00000000000129e0 000000000000001c T fclose
0000000000012a00 0000000000000104 T memset
0000000000012b20 0000000000000034 T setenv
0000000000012b60 0000000000000080 T fprintf
0000000000012c00 0000000000000134 T strcmp
0000000000012d40 00000000000001b4 T strncmp
0000000000012f00 00000000000000dc T memchr
0000000000012fe0 000000000000001c t stdio_exit_handler
0000000000013000 000000000000006c t cleanup_stdio
0000000000013080 0000000000000134 t global_stdio_init.part.0
00000000000131c0 000000000000000c T __sfp_lock_acquire
00000000000131e0 000000000000000c T __sfp_lock_release
0000000000013200 0000000000000138 T __sfp
0000000000013340 0000000000000054 T __sinit
00000000000133a0 00000000000001a4 t _strtoul_l.isra.0
0000000000013560 0000000000000040 T strtoul
00000000000135a0 00000000000000a4 T __libc_init_array
0000000000013660 0000000000000088 T strncat
0000000000013700 0000000000000098 T _fwalk_sglue
00000000000137a0 00000000000000b4 T bsearch
0000000000013860 0000000000000014 T __errno
0000000000013880 000000000000002c T aligned_alloc
00000000000138c0 00000000000000d4 T _puts_r
00000000000139a0 000000000000001c T puts
00000000000139c0 000000000000022c T memcpy
00000000000139c0 T memmove
0000000000013bec 0000000000000790 t get_arg
000000000001437c 0000000000003bd4 T _vfprintf_r
0000000000017f50 00000000000000d0 t __sbprintf
0000000000018020 0000000000000840 T _malloc_r
0000000000018860 00000000000001a4 t quorem
0000000000018a20 00000000000012f0 T _dtoa_r
0000000000019d20 00000000000000d0 T _wcrtomb_r
0000000000019e00 000000000000011c T _malloc_trim_r
0000000000019f20 00000000000002d8 T _free_r
000000000001a200 0000000000000034 T strtok
000000000001a240 0000000000000080 T printf
000000000001a2c0 0000000000000038 T malloc
000000000001a300 000000000000001c T free
000000000001a320 00000000000001ec T __sflush_r
000000000001a520 00000000000000bc T _fflush_r
000000000001a5e0 0000000000000038 t lflush
000000000001a620 0000000000000190 T __srefill_r
000000000001a7c0 00000000000000b0 T __swhatbuf_r
000000000001a880 00000000000000e8 T __smakebuf_r
000000000001a980 0000000000000028 T gmtime
000000000001a9c0 0000000000000130 T strlen
000000000001ab00 00000000000000b8 T strnlen
000000000001abc0 000000000000000c T __malloc_lock
000000000001abe0 000000000000000c T __malloc_unlock
000000000001ac00 00000000000000a8 T fputc
000000000001acc0 0000000000000258 T _setenv_r
000000000001af20 0000000000000004 W __call_exitprocs
000000000001af40 0000000000000278 T setvbuf
000000000001b1c0 00000000000000a8 T __strtok_r
000000000001b280 0000000000000120 T _fopen_r
000000000001b3a0 000000000000002c T fopen
000000000001b3e0 00000000000000ac T strncpy
000000000001b4a0 0000000000000010 T _wcsrtombs_r
000000000001b4c0 000000000000012c T __swsetup_r
000000000001b600 000000000000007c T frexp
000000000001b680 00000000000004a4 T __sfvwrite_r
000000000001bb40 000000000000004c T __sread
000000000001bba0 0000000000000070 T __swrite
000000000001bc20 0000000000000050 T __sseek
000000000001bc80 0000000000000008 T __sclose
000000000001bca0 000000000000000c T __env_lock
000000000001bcc0 000000000000000c T __env_unlock
000000000001bce0 0000000000000064 T __assert_func
000000000001bd60 00000000000000a4 T _Balloc
000000000001be20 0000000000000020 T _Bfree
000000000001be40 0000000000000118 T __multadd
000000000001bf60 0000000000000094 T __hi0bits
000000000001c000 0000000000000100 T __lo0bits
000000000001c100 000000000000004c T __i2b
000000000001c160 0000000000000210 T __multiply
000000000001c380 0000000000000104 T __pow5mult
000000000001c4a0 0000000000000174 T __lshift
000000000001c620 0000000000000050 T __mcmp
000000000001c680 00000000000001c4 T __mdiff
000000000001c860 000000000000014c T __d2b
000000000001c9c0 000000000000002c T __locale_mb_cur_max
000000000001ca00 00000000000002a0 T gmtime_r
000000000001cca0 0000000000000080 T fiprintf
000000000001cd20 000000000000018c T _memalign_r
000000000001cec0 0000000000000188 T _wcsnrtombs_l
000000000001d060 0000000000000054 T _wcsnrtombs_r
000000000001d0c0 00000000000000e4 T _putc_r
000000000001d1c0 00000000000002dc T __utf8_mbtowc
000000000001d4a0 0000000000000038 T __sprint_r
000000000001d500 00000000000000cc T strchr
000000000001d5e0 0000000000000018 T abort
000000000001d600 0000000000000008 T __localeconv_l
000000000001d620 0000000000000028 T _localeconv_r
000000000001d660 00000000000000bc T _calloc_r
000000000001d720 0000000000000004 T _fseek_r
000000000001d740 00000000000000b8 T __sflags
000000000001d800 0000000000000044 T __libc_fini_array
000000000001d860 00000000000000f4 T _findenv_r
000000000001d960 0000000000000568 T _realloc_r
000000000001dee0 00000000000000e0 T __utf8_wctomb
000000000001dfc0 000000000000009c T _raise_r
000000000001e060 000000000000001c T raise
000000000001e07c 0000000000000790 t get_arg
000000000001e80c 0000000000002964 T _vfiprintf_r
0000000000021170 00000000000000d0 t __sbprintf
0000000000021240 0000000000000118 T __swbuf_r
0000000000021360 00000000000004c0 T _fseeko_r
0000000000021820 0000000000000020 T _exit
0000000000021840 000000000000016c T chdir
00000000000219c0 0000000000000218 T _concatenate_path
0000000000021be0 000000000000009c T _fstat_r
0000000000021c80 0000000000000010 T _getpid_r
0000000000021ca0 0000000000000020 T __getreent
0000000000021cc0 00000000000000a0 T __release_handle
0000000000021d60 0000000000000130 T __alloc_handle
0000000000021ea0 0000000000000060 T __get_handle
0000000000021f00 00000000000000f4 T _close_r
0000000000022000 0000000000000008 t null_write
0000000000022020 0000000000000018 T setDefaultDevice
0000000000022040 0000000000000110 T FindDevice
0000000000022160 0000000000000034 T RemoveDevice
00000000000221a0 00000000000000c4 T AddDevice
0000000000022280 0000000000000034 T GetDeviceOpTab
00000000000222c0 0000000000000008 T _isatty_r
00000000000222e0 0000000000000010 T _kill_r
0000000000022300 00000000000000a0 T _lseek_r
00000000000223a0 00000000000000f0 T _open_r
00000000000224a0 00000000000000b0 T _read_r
0000000000022560 0000000000000078 W _sbrk_r
00000000000225e0 0000000000000014 T __libc_lock_acquire
0000000000022600 0000000000000014 T __libc_lock_release
0000000000022620 0000000000000014 T __libc_lock_acquire_recursive
0000000000022640 0000000000000014 T __libc_lock_release_recursive
0000000000022660 00000000000000b0 T _write_r
0000000000022720 0000000000000380 t __trunctfdf2
0000000000022aa0 0000000000000070 t __sfp_handle_exceptions
0000000000022b40 0000000000000104 T strrchr
0000000000022c48 T _init
0000000000022c80 T _fini
00000000000235a0 0000000000000014 r CSWTCH.1000
0000000000023730 0000000000000018 r grayScale
0000000000023748 0000000000000006 r colorCube
0000000000023750 0000000000000030 r colorTable
0000000000023780 R default_font_bin
0000000000025780 R default_font_bin_end
0000000000025780 0000000000000038 r g_nvColorFmtTable
00000000000257b8 0000000000000024 r s_emptyFence.0
00000000000257e0 0000000000000020 r error_table
0000000000025850 0000000000000023 r g_bq_InterfaceDescriptor
0000000000025a00 0000000000000010 r zeroes.0
0000000000025a10 0000000000000010 r blanks.1
0000000000025a38 0000000000000101 R _ctype_
0000000000025b40 000000000000006c R __action_table
0000000000025bb0 000000000000006c R __state_table
0000000000025c20 0000000000000100 R __chclass
0000000000025d20 000000000000000c r p05.0
0000000000025d30 0000000000000028 R __mprec_bigtens
0000000000025d58 00000000000000c8 R __mprec_tens
0000000000025f20 0000000000000010 r zeroes.0
0000000000025f30 0000000000000010 r blanks.1
0000000000025f40 r __tls_align
0000000000025f48 r __EH_FRAME_BEGIN__
0000000000025f48 r __eh_frame_hdr_end
0000000000025f48 r __eh_frame_hdr_start
000000000002adfc r __FRAME_END__
000000000002b000 d __frame_dummy_init_array_entry
000000000002b000 d __init_array_start
000000000002b000 d __preinit_array_end
000000000002b000 d __preinit_array_start
000000000002b000 d __relro_start
000000000002b008 d __do_global_dtors_aux_fini_array_entry
000000000002b008 d __fini_array_start
000000000002b008 d __init_array_end
000000000002b010 0000000000000100 d dotab_stdout
000000000002b010 d __fini_array_end
000000000002b110 0000000000000100 d fsdev_devoptab
000000000002b210 0000000000000100 D dotab_stdnull
000000000002b310 a _DYNAMIC
000000000002b460 a _GLOBAL_OFFSET_TABLE_
000000000002b460 d __got_start__
000000000002b6e0 d __got_end__
000000000002c000 d __data_start
000000000002c018 0000000000000008 V __nx_applet_init_timeout
000000000002c020 0000000000000001 V __nx_applet_auto_notifyrunning
000000000002c024 0000000000000004 V __nx_applet_type
000000000002c028 0000000000000008 d currentConsole
000000000002c030 0000000000000050 d defaultConsole
000000000002c080 0000000000000088 d s_consoleSwRenderer
000000000002c108 0000000000000008 V __nx_exception_stack_size
000000000002c110 0000000000000001 V __nx_fsdev_support_cwd
000000000002c114 0000000000000004 V __nx_fsdev_direntry_cache_size
000000000002c118 0000000000000004 d g_viServiceType
000000000002c11c 0000000000000004 V __nx_vi_stray_layer_flags
000000000002c120 0000000000000004 V __nx_fs_num_sessions
000000000002c124 0000000000000004 V __nx_nv_transfermem_size
000000000002c128 0000000000000004 V __nx_nv_service_type
000000000002c12c 0000000000000004 d g_ctrl_fd
000000000002c130 0000000000000004 d g_nvmap_fd
000000000002c138 0000000000000018 D __sglue
000000000002c150 0000000000000008 D __malloc_sbrk_base
000000000002c158 0000000000000008 D __malloc_trim_threshold
000000000002c160 0000000000000810 D __malloc_av_
000000000002c970 0000000000000008 D _impure_ptr
000000000002c978 0000000000000180 D _impure_data
000000000002caf8 00000000000001a8 D __global_locale
000000000002cca0 0000000000000008 D environ
000000000002ccb0 0000000000000400 d _current_working_directory
000000000002d0c0 0000000000002000 d handles
000000000002f0c0 0000000000000010 d __stderr_handle
000000000002f0d0 0000000000000010 d __stdout_handle
000000000002f0e0 0000000000000010 d __stdin_handle
000000000002f0f0 0000000000000118 D devoptab_list
000000000002f208 0000000000000004 d defaultDevice
000000000002f210 b __bss_start__
000000000002f210 b completed.1
000000000002f210 d __tdata_lma
000000000002f210 d __tdata_lma_end
000000000002f218 b object.0
000000000002f248 0000000000000008 b g_appletGuard
000000000002f250 0000000000000001 b g_appletInfoInitialized
000000000002f258 0000000000000050 b g_appletInfo
000000000002f2a8 0000000000000004 b g_appletCpuBoostMode
000000000002f2b0 000000000000000c b g_appletLibraryAppletLaunchableEvent
000000000002f2bc 0000000000000001 b g_appletSuspendedTickInitialized
000000000002f2c0 0000000000000008 b g_appletSuspendedTick
000000000002f2c8 0000000000000008 b g_appletInitTickBase
000000000002f2d0 000000000000000c b g_appletSuspendedTickEvent
000000000002f2dc 0000000000000001 b g_appletCopyrightInitialized
000000000002f2e0 0000000000000028 b g_appletCopyrightTmem
000000000002f308 0000000000000004 b g_appletRecordingInitialized
000000000002f310 0000000000000028 b g_appletRecordingTmem
000000000002f338 0000000000000018 b g_appletFirstHook
000000000002f350 0000000000000001 b g_appletNotifiedRunning
000000000002f351 0000000000000001 b g_appletFocusState
000000000002f354 0000000000000004 b g_appletPerformanceMode
000000000002f358 0000000000000001 b g_appletOperationMode
000000000002f360 0000000000000008 b g_appletResourceUserId
000000000002f368 000000000000000c b g_appletMessageEvent
000000000002f378 0000000000000010 b g_appletIDebugFunctions
000000000002f388 0000000000000010 b g_appletIDisplayController
000000000002f398 0000000000000010 b g_appletIAudioController
000000000002f3a8 0000000000000010 b g_appletIWindowController
000000000002f3b8 0000000000000010 b g_appletISelfController
000000000002f3c8 0000000000000010 b g_appletICommonStateGetter
000000000002f3d8 0000000000000010 b g_appletILibraryAppletCreator
000000000002f3e8 0000000000000010 b g_appletIProcessWindingController
000000000002f3f8 0000000000000010 b g_appletILibraryAppletSelfAccessor
000000000002f408 0000000000000010 b g_appletIApplicationCreator
000000000002f418 0000000000000010 b g_appletIGlobalStateController
000000000002f428 0000000000000010 b g_appletIFunctions
000000000002f438 0000000000000010 b g_appletIAppletCommonFunctions
000000000002f448 0000000000000004 b g_appletExitProcessResult
000000000002f44c 0000000000000001 b g_appletExitProcessFlag
000000000002f44d 0000000000000001 b g_appletLeftInitialized
000000000002f450 0000000000000010 b g_appletProxySession
000000000002f460 0000000000000010 b g_appletSrv
000000000002f470 0000000000000004 V __nx_applet_exit_mode
000000000002f478 0000000000000008 V __nx_applet_PerformanceConfiguration
000000000002f480 0000000000000080 V __nx_applet_AppletAttribute
000000000002f500 0000000000000004 b g_hosVersion
000000000002f508 0000000000000008 b g_userIdStorage
000000000002f510 0000000000000010 b g_randomSeed
000000000002f520 0000000000000001 b g_hasRandomSeed
000000000002f524 0000000000000004 b g_lastLoadResult
000000000002f528 0000000000000008 b g_nextLoadArgv
000000000002f530 0000000000000008 b g_nextLoadPath
000000000002f538 0000000000000004 b g_processHandle
000000000002f540 0000000000000018 b g_syscallHints
000000000002f558 0000000000000008 b g_overrideArgv
000000000002f560 0000000000000008 b g_overrideHeapSize
000000000002f568 0000000000000008 b g_overrideHeapAddr
000000000002f570 0000000000000008 b g_loaderRetAddr
000000000002f578 0000000000000004 b g_mainThreadHandle
000000000002f580 0000000000000008 b g_loaderInfoSize
000000000002f588 0000000000000008 b g_loaderInfo
000000000002f590 0000000000000001 b g_isNso
000000000002f591 0000000000000001 b didFirstConsoleInit.0
000000000002f5a0 0000000000000068 b escapeSeq
000000000002f608 0000000000000050 b currentCopy
000000000002f658 B __stack_top
000000000002f660 0000000000000001 b g_IsLegacyKernel
000000000002f668 0000000000000008 b g_Reservations
000000000002f670 0000000000000010 b g_StackRegion
000000000002f680 0000000000000010 b g_AslrRegion
000000000002f690 0000000000000010 b g_HeapRegion
000000000002f6a0 0000000000000010 b g_AliasRegion
000000000002f6b0 0000000000000004 b g_VirtmemMutex
000000000002f6b4 0000000000000004 b g_randMutex
000000000002f6b8 0000000000000001 b g_randInit
000000000002f6c0 0000000000000040 b g_chacha
000000000002f700 0000000000000008 b g_apmGuard
000000000002f708 0000000000000010 b g_apmISession
000000000002f718 0000000000000010 b g_apmSrv
000000000002f728 0000000000000008 b g_smGuard
000000000002f730 0000000000000008 b g_smOverridesNum
000000000002f738 0000000000000180 b g_smOverrides
000000000002f8b8 0000000000000010 b g_smSrv
000000000002f8c8 0000000000000008 b g_hidGuard
000000000002f8d0 0000000000000008 b g_sevenSixAxisSensorBuffer
000000000002f8d8 0000000000000020 b g_hidSharedmem
000000000002f8f8 0000000000000010 b g_hidIActiveVibrationDeviceList
000000000002f908 0000000000000010 b g_hidIAppletResource
000000000002f918 0000000000000010 b g_hidSrv
000000000002f928 0000000000000080 b g_defaultWin
000000000002f9a8 0000000000000010 b g_viLayer
000000000002f9b8 0000000000000050 b g_viDisplay
000000000002fa10 0000000000000340 B __nx_exceptiondump
000000000002fd50 0000000000000004 V __nx_exception_ignoredebug
000000000002fd60 0000000000000400 V __nx_exception_stack
0000000000030160 0000000000000008 V __nx_heap_size
0000000000030168 0000000000000008 b __bootticks
0000000000030170 0000000000000008 b __boottime
0000000000030178 0000000000000004 V __nx_time_type
0000000000030180 0000000000000008 b g_argv_empty
0000000000030188 0000000000000008 B __system_argv
0000000000030190 0000000000000004 B __system_argc
00000000000301a0 0000000000002800 b fsdev_fsdevices
00000000000329a0 0000000000000004 b fsdev_fsdevice_cwd
00000000000329a4 0000000000000001 b fsdev_initialised
00000000000329b0 0000000000000038 b g_mainThread
00000000000329e8 0000000000000008 b g_threadList
00000000000329f0 0000000000000004 b g_threadMutex
00000000000329f8 0000000000000008 b g_viGuard
0000000000032a00 0000000000000010 b g_viIHOSBinderDriverIndirect
0000000000032a10 0000000000000010 b g_viIManagerDisplayService
0000000000032a20 0000000000000010 b g_viISystemDisplayService
0000000000032a30 0000000000000010 b g_viIHOSBinderDriverRelay
0000000000032a40 0000000000000010 b g_viIApplicationDisplayService
0000000000032a50 0000000000000010 b g_viRootService
0000000000032a60 0000000000000008 V __nx_vi_layer_id
0000000000032a68 0000000000000008 b g_setsysGuard
0000000000032a70 0000000000000010 b g_setsysSrv
0000000000032a80 0000000000000008 b g_fsGuard
0000000000032a90 0000000000000054 b g_fsSessionMgr
0000000000032ae8 0000000000000010 b g_fsSrv
0000000000032af8 0000000000000008 b g_nvGuard
0000000000032b00 0000000000000028 b g_nvTransfermem
0000000000032b28 0000000000000010 b g_nvSrvClone
0000000000032b38 0000000000000010 b g_nvSrv
0000000000032b48 0000000000000008 b g_timeGuard
0000000000032b50 0000000000000020 b g_timeSharedmem
0000000000032b70 0000000000000010 b g_timeLocalSystemClock
0000000000032b80 0000000000000010 b g_timeTimeZoneService
0000000000032b90 0000000000000010 b g_timeSteadyClock
0000000000032ba0 0000000000000010 b g_timeNetworkSystemClock
0000000000032bb0 0000000000000010 b g_timeUserSystemClock
0000000000032bc0 0000000000000010 b g_timeSrv
0000000000032bd0 0000000000000004 V __nx_time_service_type
0000000000032bd8 0000000000000008 b g_nvFenceGuard
0000000000032be0 0000000000000300 b g_NvEvents
0000000000032ee0 0000000000000008 b g_NvEventUsedMask
0000000000032ee8 0000000000000008 b g_nvMapGuard
0000000000032ef0 0000000000000004 B __nxlink_host
0000000000032ef8 000000000000000c b __sfp_recursive_mutex
0000000000032f08 0000000000000228 B __sf
0000000000033130 0000000000000008 B __stdio_exit_handler
0000000000033138 0000000000000050 B __malloc_current_mallinfo
0000000000033188 0000000000000008 B __malloc_max_total_mem
0000000000033190 0000000000000008 B __malloc_max_sbrked_mem
0000000000033198 0000000000000008 B __malloc_top_pad
00000000000331a0 000000000000000c b __malloc_recursive_mutex
00000000000331ac 0000000000000004 b alloced.0
00000000000331b0 000000000000000c b __env_recursive_mutex
00000000000331c0 0000000000000008 b initial_env
00000000000331d0 0000000000000400 b temp_cwd
00000000000335d0 0000000000000004 b __hndl_lock
00000000000335d8 0000000000000008 B fake_heap_start
00000000000335e0 0000000000000008 B fake_heap_end
00000000000335e8 0000000000000008 b heap_start.0
00000000000335f0 b __tls_start
0000000000033a00 b __bss_end__
0000000000033a00 b __end__
0000000000033a00 b __tls_end
0000000000034000 b __argdata__
